######################################################################
[Method 1 - Level 1] generating bad twin ...
[Method 1 - Level 1] generating good twin ...
[Method 1 - Level 1] synchronizing twins ...
[Method 1 - Level 1] diagnosability level satisfied ...
----------------------------------------------------------------------
[Method 1 - Level 2] generating bad twin ...
[Method 1 - Level 2] generating good twin ...
[Method 1 - Level 2] synchronizing twins ...
[Method 1 - Level 2] diagnosability level satisfied ...
----------------------------------------------------------------------
[Method 1 - Level 3] generating bad twin ...
[Method 1 - Level 3] generating good twin ...
[Method 1 - Level 3] synchronizing twins ...
[Method 1 - Level 3] diagnosability level not satisfied ...


[Method 1] maximum diagnosability level: 2

######################################################################
[Method 2 - Level 1] generating bad twin ...
[Method 2 - Level 1] verifying condition C2 ...
[Method 2 - Level 1] condition C2 satisfied ...
[Method 2 - Level 1] verifying condition C3 ...
[Method 2 - Level 1] condition C3 not satisfied ...
[Method 2 - Level 1] diagnosability level satisfied ...
----------------------------------------------------------------------
[Method 2 - Level 2] generating bad twin ...
[Method 2 - Level 2] verifying condition C2 ...
[Method 2 - Level 2] condition C2 satisfied ...
[Method 2 - Level 2] verifying condition C3 ...
[Method 2 - Level 2] condition C3 not satisfied ...
[Method 2 - Level 2] diagnosability level satisfied ...
----------------------------------------------------------------------
[Method 2 - Level 3] generating bad twin ...
[Method 2 - Level 3] verifying condition C2 ...
[Method 2 - Level 3] condition C2 not satisfied ...
[Method 2 - Level 3] verifying condition C3 ...
[Method 2 - Level 3] condition C3 not satisfied ...
[Method 2 - Level 3] generating good twin ...
[Method 2 - Level 3] synchronizing twins ...
[Method 2 - Level 3] verifying condition C1 ...
[Method 2 - Level 3] condition C1 not satisfied ...
[Method 2 - Level 3] diagnosability level not satisfied ...


[Method 2] maximum diagnosability level: 2


######################################################################
[Method 3v1 - Level 1] generating bad twin ...
[Method 3v1 - Level 1] verifying condition C2 ...
[Method 3v1 - Level 1] condition C2 satisfied ...
[Method 3v1 - Level 1] verifying condition C3 ...
[Method 3v1 - Level 1] condition C3 not satisfied ...
[Method 3v1 - Level 1] diagnosability level satisfied ...
----------------------------------------------------------------------
[Method 3v1 - Level 2] generating bad twin ...
[Method 3v1 - Level 2] verifying condition C2 ...
[Method 3v1 - Level 2] condition C2 satisfied ...
[Method 3v1 - Level 2] verifying condition C3 ...
[Method 3v1 - Level 2] condition C3 not satisfied ...
[Method 3v1 - Level 2] diagnosability level satisfied ...
----------------------------------------------------------------------
[Method 3v1 - Level 3] generating bad twin ...
[Method 3v1 - Level 3] verifying condition C2 ...
[Method 3v1 - Level 3] condition C2 not satisfied ...
[Method 3v1 - Level 3] verifying condition C3 ...
[Method 3v1 - Level 3] condition C3 not satisfied ...
[Method 3v1 - Level 3] generating good twin ...
[Method 3v1 - Level 3] synchronizing twins ...
[Method 3v1 - Level 3] verifying condition C1 ...
[Method 3v1 - Level 3] condition C1 not satisfied ...
[Method 3v1 - Level 3] diagnosability level not satisfied ...


[Method 3v1] maximum diagnosability level: 2


######################################################################
[Method 3v2 - Level 1] generating bad twin ...
[Method 3v2 - Level 1] generating good twin ...
[Method 3v2 - Level 1] synchronizing twins ...
[Method 3v2 - Level 1] verifying condition C2 ...
[Method 3v2 - Level 1] condition C2 satisfied ...
[Method 3v2 - Level 1] verifying condition C3 ...
[Method 3v2 - Level 1] condition C3 not satisfied ...
[Method 3v2 - Level 1] diagnosability level satisfied ...
----------------------------------------------------------------------
[Method 3v2 - Level 2] generating bad twin ...
[Method 3v2 - Level 2] synchronizing twins ...
[Method 3v2 - Level 2] verifying condition C2 ...
[Method 3v2 - Level 2] condition C2 satisfied ...
[Method 3v2 - Level 2] verifying condition C3 ...
[Method 3v2 - Level 2] condition C3 not satisfied ...
[Method 3v2 - Level 2] diagnosability level satisfied ...
----------------------------------------------------------------------
[Method 3v2 - Level 3] generating bad twin ...
[Method 3v2 - Level 3] synchronizing twins ...
[Method 3v2 - Level 3] verifying condition C2 ...
[Method 3v2 - Level 3] condition C2 not satisfied ...
[Method 3v2 - Level 3] verifying condition C3 ...
[Method 3v2 - Level 3] condition C3 not satisfied ...
[Method 3v2 - Level 3] verifying condition C1 ...
[Method 3v2 - Level 3] condition C1 not satisfied ...
[Method 3v2 - Level 3] diagnosability level not satisfied ...


[Method 3v2] maximum diagnosability level: 2

